TN:
SF:src/JsonFormBuilder.ts
FN:24,(anonymous_16)
FN:25,(anonymous_17)
FN:39,(anonymous_18)
FN:78,(anonymous_19)
FN:91,(anonymous_20)
FN:119,(anonymous_21)
FN:146,(anonymous_22)
FN:149,(anonymous_23)
FN:167,(anonymous_24)
FN:175,(anonymous_25)
FN:183,(anonymous_26)
FN:193,(anonymous_27)
FN:225,(anonymous_28)
FN:226,(anonymous_29)
FN:236,(anonymous_30)
FN:254,(anonymous_31)
FN:256,(anonymous_32)
FN:267,(anonymous_33)
FN:277,(anonymous_34)
FN:288,(anonymous_37)
FN:334,(anonymous_38)
FN:361,(anonymous_39)
FN:408,(anonymous_40)
FN:417,(anonymous_41)
FN:431,(anonymous_42)
FN:437,(anonymous_43)
FN:461,(anonymous_44)
FN:477,(anonymous_45)
FN:481,(anonymous_46)
FN:500,(anonymous_47)
FN:507,(anonymous_48)
FN:539,(anonymous_49)
FN:572,(anonymous_50)
FN:581,(anonymous_53)
FN:582,(anonymous_54)
FN:586,(anonymous_55)
FN:592,(anonymous_56)
FN:600,(anonymous_57)
FN:605,(anonymous_58)
FN:620,(anonymous_59)
FN:638,(anonymous_60)
FN:642,(anonymous_61)
FN:659,(anonymous_62)
FN:685,(anonymous_63)
FN:697,(anonymous_64)
FN:710,(anonymous_65)
FN:728,(anonymous_66)
FN:742,(anonymous_67)
FN:754,(anonymous_68)
FN:777,(anonymous_69)
FN:786,(anonymous_70)
FN:793,(anonymous_71)
FN:813,(anonymous_72)
FN:829,(anonymous_73)
FN:845,(anonymous_74)
FN:850,(anonymous_75)
FN:852,(anonymous_76)
FN:879,(anonymous_77)
FN:896,(anonymous_78)
FN:914,(anonymous_79)
FN:918,(anonymous_80)
FN:935,(anonymous_81)
FN:947,(anonymous_82)
FN:965,(anonymous_83)
FN:966,(anonymous_84)
FN:973,(anonymous_85)
FNF:66
FNH:23
FNDA:1,(anonymous_16)
FNDA:2,(anonymous_17)
FNDA:0,(anonymous_18)
FNDA:0,(anonymous_19)
FNDA:12,(anonymous_20)
FNDA:1,(anonymous_21)
FNDA:0,(anonymous_22)
FNDA:0,(anonymous_23)
FNDA:5,(anonymous_24)
FNDA:15,(anonymous_25)
FNDA:0,(anonymous_26)
FNDA:5,(anonymous_27)
FNDA:0,(anonymous_28)
FNDA:0,(anonymous_29)
FNDA:0,(anonymous_30)
FNDA:0,(anonymous_31)
FNDA:0,(anonymous_32)
FNDA:0,(anonymous_33)
FNDA:10,(anonymous_34)
FNDA:5,(anonymous_37)
FNDA:5,(anonymous_38)
FNDA:5,(anonymous_39)
FNDA:5,(anonymous_40)
FNDA:5,(anonymous_41)
FNDA:10,(anonymous_42)
FNDA:10,(anonymous_43)
FNDA:0,(anonymous_44)
FNDA:0,(anonymous_45)
FNDA:0,(anonymous_46)
FNDA:0,(anonymous_47)
FNDA:0,(anonymous_48)
FNDA:0,(anonymous_49)
FNDA:10,(anonymous_50)
FNDA:0,(anonymous_53)
FNDA:1,(anonymous_54)
FNDA:30,(anonymous_55)
FNDA:0,(anonymous_56)
FNDA:0,(anonymous_57)
FNDA:0,(anonymous_58)
FNDA:0,(anonymous_59)
FNDA:0,(anonymous_60)
FNDA:0,(anonymous_61)
FNDA:0,(anonymous_62)
FNDA:0,(anonymous_63)
FNDA:0,(anonymous_64)
FNDA:0,(anonymous_65)
FNDA:0,(anonymous_66)
FNDA:0,(anonymous_67)
FNDA:0,(anonymous_68)
FNDA:0,(anonymous_69)
FNDA:0,(anonymous_70)
FNDA:0,(anonymous_71)
FNDA:10,(anonymous_72)
FNDA:30,(anonymous_73)
FNDA:0,(anonymous_74)
FNDA:0,(anonymous_75)
FNDA:0,(anonymous_76)
FNDA:0,(anonymous_77)
FNDA:0,(anonymous_78)
FNDA:0,(anonymous_79)
FNDA:0,(anonymous_80)
FNDA:0,(anonymous_81)
FNDA:10,(anonymous_82)
FNDA:5,(anonymous_83)
FNDA:10,(anonymous_84)
FNDA:0,(anonymous_85)
DA:24,1
DA:25,1
DA:27,2
DA:29,2
DA:31,2
DA:32,2
DA:33,2
DA:34,0
DA:38,2
DA:39,2
DA:40,0
DA:41,0
DA:42,0
DA:43,0
DA:48,0
DA:49,0
DA:50,0
DA:54,0
DA:55,0
DA:56,0
DA:57,0
DA:62,2
DA:63,0
DA:64,0
DA:65,0
DA:66,0
DA:69,0
DA:70,0
DA:71,0
DA:72,0
DA:73,0
DA:74,0
DA:75,0
DA:78,0
DA:79,0
DA:80,0
DA:81,0
DA:82,0
DA:83,0
DA:91,1
DA:92,12
DA:95,12
DA:96,12
DA:99,0
DA:100,0
DA:104,0
DA:105,0
DA:106,0
DA:111,12
DA:112,12
DA:115,12
DA:119,1
DA:120,1
DA:121,1
DA:122,1
DA:123,1
DA:126,1
DA:127,0
DA:128,0
DA:129,0
DA:130,0
DA:131,0
DA:133,0
DA:136,0
DA:137,0
DA:138,0
DA:141,0
DA:144,0
DA:147,0
DA:150,0
DA:155,0
DA:157,0
DA:163,1
DA:167,1
DA:168,5
DA:169,5
DA:171,5
DA:172,5
DA:174,5
DA:175,5
DA:176,15
DA:177,15
DA:178,15
DA:179,15
DA:180,15
DA:183,5
DA:184,0
DA:185,0
DA:188,5
DA:189,5
DA:190,5
DA:193,1
DA:198,5
DA:199,5
DA:200,0
DA:203,5
DA:225,5
DA:226,0
DA:228,0
DA:229,0
DA:230,0
DA:234,0
DA:236,0
DA:237,0
DA:238,0
DA:240,0
DA:243,0
DA:244,0
DA:248,0
DA:249,0
DA:250,0
DA:251,0
DA:254,0
DA:256,0
DA:257,0
DA:258,0
DA:260,0
DA:263,0
DA:267,0
DA:268,0
DA:269,0
DA:272,0
DA:277,10
DA:278,10
DA:279,0
DA:280,0
DA:281,0
DA:282,0
DA:288,5
DA:289,5
DA:290,5
DA:330,5
DA:334,5
DA:335,5
DA:336,5
DA:357,5
DA:361,5
DA:362,5
DA:363,5
DA:404,5
DA:408,5
DA:409,5
DA:410,5
DA:411,5
DA:415,5
DA:417,5
DA:418,5
DA:419,5
DA:422,5
DA:423,5
DA:424,5
DA:428,5
DA:431,10
DA:432,10
DA:433,10
DA:434,10
DA:435,10
DA:437,10
DA:438,10
DA:439,10
DA:442,10
DA:446,5
DA:447,0
DA:448,0
DA:449,0
DA:450,0
DA:454,5
DA:455,5
DA:456,5
DA:457,5
DA:458,5
DA:461,5
DA:462,0
DA:463,0
DA:467,5
DA:468,5
DA:471,5
DA:472,0
DA:473,0
DA:474,0
DA:475,0
DA:479,0
DA:483,0
DA:487,0
DA:489,0
DA:491,0
DA:494,0
DA:495,0
DA:500,5
DA:501,0
DA:502,0
DA:504,0
DA:507,0
DA:508,0
DA:509,0
DA:510,0
DA:515,0
DA:516,0
DA:517,0
DA:518,0
DA:519,0
DA:520,0
DA:521,0
DA:522,0
DA:523,0
DA:524,0
DA:525,0
DA:526,0
DA:527,0
DA:530,0
DA:531,0
DA:537,0
DA:539,0
DA:540,0
DA:541,0
DA:542,0
DA:544,0
DA:546,0
DA:547,0
DA:549,0
DA:550,0
DA:552,0
DA:554,0
DA:555,0
DA:560,0
DA:561,0
DA:562,0
DA:564,0
DA:567,0
DA:571,5
DA:572,5
DA:573,5
DA:574,5
DA:575,5
DA:576,5
DA:578,10
DA:579,5
DA:581,0
DA:582,1
DA:586,1
DA:587,30
DA:588,30
DA:589,30
DA:592,1
DA:593,0
DA:595,0
DA:596,0
DA:597,0
DA:598,0
DA:600,0
DA:601,0
DA:602,0
DA:605,0
DA:606,0
DA:609,0
DA:611,0
DA:612,0
DA:613,0
DA:615,0
DA:616,0
DA:620,1
DA:621,0
DA:622,0
DA:624,0
DA:625,0
DA:626,0
DA:627,0
DA:629,0
DA:630,0
DA:631,0
DA:632,0
DA:633,0
DA:634,0
DA:636,0
DA:638,0
DA:639,0
DA:640,0
DA:642,0
DA:643,0
DA:644,0
DA:645,0
DA:649,0
DA:650,0
DA:651,0
DA:652,0
DA:655,0
DA:656,0
DA:659,0
DA:660,0
DA:661,0
DA:662,0
DA:665,0
DA:666,0
DA:669,0
DA:670,0
DA:672,0
DA:673,0
DA:674,0
DA:676,0
DA:677,0
DA:678,0
DA:679,0
DA:680,0
DA:681,0
DA:683,0
DA:685,0
DA:686,0
DA:687,0
DA:688,0
DA:689,0
DA:690,0
DA:692,0
DA:693,0
DA:697,0
DA:698,0
DA:699,0
DA:700,0
DA:703,0
DA:704,0
DA:705,0
DA:707,0
DA:710,1
DA:711,0
DA:712,0
DA:714,0
DA:715,0
DA:716,0
DA:717,0
DA:719,0
DA:720,0
DA:721,0
DA:722,0
DA:723,0
DA:724,0
DA:726,0
DA:728,0
DA:729,0
DA:730,0
DA:732,0
DA:733,0
DA:734,0
DA:735,0
DA:738,0
DA:739,0
DA:742,0
DA:743,0
DA:744,0
DA:745,0
DA:748,0
DA:749,0
DA:751,0
DA:754,1
DA:755,0
DA:756,0
DA:758,0
DA:759,0
DA:760,0
DA:761,0
DA:763,0
DA:764,0
DA:765,0
DA:766,0
DA:767,0
DA:769,0
DA:770,0
DA:771,0
DA:772,0
DA:773,0
DA:774,0
DA:775,0
DA:777,0
DA:778,0
DA:779,0
DA:780,0
DA:781,0
DA:784,0
DA:786,0
DA:787,0
DA:788,0
DA:789,0
DA:790,0
DA:793,0
DA:794,0
DA:795,0
DA:797,0
DA:798,0
DA:799,0
DA:800,0
DA:803,0
DA:804,0
DA:807,0
DA:808,0
DA:810,0
DA:813,1
DA:814,10
DA:815,10
DA:818,10
DA:819,10
DA:820,10
DA:823,10
DA:824,10
DA:827,10
DA:829,10
DA:830,30
DA:831,30
DA:833,30
DA:834,30
DA:835,30
DA:836,30
DA:837,30
DA:838,30
DA:839,30
DA:841,30
DA:843,30
DA:845,30
DA:846,0
DA:847,0
DA:850,0
DA:852,0
DA:853,0
DA:854,0
DA:855,0
DA:859,0
DA:864,0
DA:865,0
DA:866,0
DA:869,0
DA:870,0
DA:873,0
DA:874,0
DA:876,0
DA:879,30
DA:880,0
DA:881,0
DA:882,0
DA:884,0
DA:885,0
DA:888,30
DA:889,30
DA:890,30
DA:893,10
DA:896,1
DA:897,0
DA:898,0
DA:900,0
DA:901,0
DA:902,0
DA:903,0
DA:905,0
DA:906,0
DA:907,0
DA:908,0
DA:909,0
DA:910,0
DA:912,0
DA:914,0
DA:915,0
DA:916,0
DA:918,0
DA:919,0
DA:920,0
DA:921,0
DA:925,0
DA:926,0
DA:927,0
DA:928,0
DA:931,0
DA:932,0
DA:935,0
DA:936,0
DA:937,0
DA:938,0
DA:941,0
DA:942,0
DA:944,0
DA:947,1
DA:949,10
DA:951,10
DA:953,10
DA:955,0
DA:957,0
DA:959,0
DA:961,0
DA:965,1
DA:966,5
DA:967,10
DA:968,10
DA:969,10
DA:970,10
DA:973,1
DA:975,1
LF:491
LH:148
BRDA:29,0,0,2
BRDA:29,0,1,0
BRDA:31,1,0,2
BRDA:31,1,1,0
BRDA:31,2,0,2
BRDA:31,2,1,0
BRDA:32,3,0,2
BRDA:32,3,1,0
BRDA:32,4,0,2
BRDA:32,4,1,2
BRDA:33,5,0,0
BRDA:41,6,0,0
BRDA:42,7,0,0
BRDA:42,7,1,0
BRDA:42,7,2,0
BRDA:42,7,3,0
BRDA:49,8,0,0
BRDA:55,9,0,0
BRDA:56,10,0,0
BRDA:56,10,1,0
BRDA:56,10,2,0
BRDA:62,11,0,0
BRDA:64,12,0,0
BRDA:78,13,0,0
BRDA:78,13,1,0
BRDA:81,14,0,0
BRDA:81,14,1,0
BRDA:81,14,2,0
BRDA:95,15,0,12
BRDA:95,15,1,0
BRDA:99,16,0,0
BRDA:99,16,1,0
BRDA:105,17,0,0
BRDA:111,18,0,12
BRDA:122,19,0,0
BRDA:122,19,1,1
BRDA:123,20,0,0
BRDA:123,20,1,1
BRDA:126,21,0,0
BRDA:126,22,0,1
BRDA:126,22,1,1
BRDA:126,22,2,0
BRDA:126,23,0,1
BRDA:126,23,1,0
BRDA:126,24,0,1
BRDA:126,24,1,1
BRDA:126,25,0,1
BRDA:126,25,1,0
BRDA:126,26,0,1
BRDA:126,26,1,1
BRDA:128,27,0,0
BRDA:130,28,0,0
BRDA:141,29,0,0
BRDA:141,29,1,0
BRDA:141,30,0,0
BRDA:141,30,1,0
BRDA:198,31,0,5
BRDA:198,31,1,0
BRDA:199,32,0,0
BRDA:205,33,0,5
BRDA:205,33,1,5
BRDA:206,34,0,5
BRDA:206,34,1,0
BRDA:207,35,0,5
BRDA:207,35,1,0
BRDA:213,36,0,5
BRDA:213,36,1,0
BRDA:213,37,0,0
BRDA:213,37,1,5
BRDA:213,38,0,5
BRDA:213,38,1,5
BRDA:214,39,0,5
BRDA:214,39,1,0
BRDA:214,40,0,0
BRDA:214,40,1,5
BRDA:214,41,0,5
BRDA:214,41,1,5
BRDA:215,42,0,5
BRDA:215,42,1,0
BRDA:215,43,0,0
BRDA:215,43,1,5
BRDA:215,44,0,5
BRDA:215,44,1,5
BRDA:216,45,0,5
BRDA:216,45,1,0
BRDA:216,46,0,0
BRDA:216,46,1,5
BRDA:216,47,0,5
BRDA:216,47,1,5
BRDA:217,48,0,5
BRDA:217,48,1,0
BRDA:217,49,0,0
BRDA:217,49,1,5
BRDA:217,50,0,5
BRDA:217,50,1,5
BRDA:218,51,0,0
BRDA:218,51,1,0
BRDA:218,52,0,0
BRDA:218,52,1,0
BRDA:219,53,0,5
BRDA:219,53,1,0
BRDA:219,54,0,0
BRDA:219,54,1,5
BRDA:219,55,0,5
BRDA:219,55,1,5
BRDA:228,56,0,0
BRDA:234,57,0,0
BRDA:237,58,0,0
BRDA:237,58,1,0
BRDA:237,59,0,0
BRDA:237,59,1,0
BRDA:249,60,0,0
BRDA:249,60,1,0
BRDA:249,61,0,0
BRDA:249,61,1,0
BRDA:249,62,0,0
BRDA:249,62,1,0
BRDA:257,63,0,0
BRDA:257,63,1,0
BRDA:257,64,0,0
BRDA:257,64,1,0
BRDA:278,65,0,5
BRDA:278,66,0,5
BRDA:278,66,1,5
BRDA:278,67,0,5
BRDA:278,67,1,0
BRDA:278,68,0,5
BRDA:278,68,1,5
BRDA:278,69,0,5
BRDA:278,69,1,0
BRDA:278,70,0,5
BRDA:278,70,1,5
BRDA:280,71,0,0
BRDA:410,72,0,0
BRDA:410,72,1,5
BRDA:411,73,0,0
BRDA:411,73,1,5
BRDA:422,74,0,5
BRDA:446,75,0,0
BRDA:446,76,0,5
BRDA:446,76,1,5
BRDA:446,77,0,5
BRDA:446,77,1,0
BRDA:446,78,0,5
BRDA:446,78,1,5
BRDA:446,79,0,5
BRDA:446,79,1,0
BRDA:446,80,0,5
BRDA:446,80,1,5
BRDA:471,81,0,0
BRDA:471,82,0,5
BRDA:471,82,1,5
BRDA:471,83,0,5
BRDA:471,83,1,0
BRDA:471,84,0,5
BRDA:471,84,1,5
BRDA:471,85,0,5
BRDA:471,85,1,0
BRDA:471,86,0,5
BRDA:471,86,1,5
BRDA:473,87,0,0
BRDA:473,87,1,0
BRDA:473,88,0,0
BRDA:473,88,1,0
BRDA:473,88,2,0
BRDA:502,89,0,0
BRDA:509,90,0,0
BRDA:515,91,0,0
BRDA:515,92,0,0
BRDA:515,92,1,0
BRDA:515,93,0,0
BRDA:515,93,1,0
BRDA:515,94,0,0
BRDA:515,94,1,0
BRDA:515,95,0,0
BRDA:515,95,1,0
BRDA:515,96,0,0
BRDA:515,96,1,0
BRDA:517,97,0,0
BRDA:517,98,0,0
BRDA:517,98,1,0
BRDA:517,98,2,0
BRDA:519,99,0,0
BRDA:522,100,0,0
BRDA:537,101,0,0
BRDA:537,101,1,0
BRDA:544,102,0,0
BRDA:544,102,1,0
BRDA:544,103,0,0
BRDA:544,103,1,0
BRDA:546,104,0,0
BRDA:549,105,0,0
BRDA:552,106,0,0
BRDA:554,107,0,0
BRDA:561,108,0,0
BRDA:561,108,1,0
BRDA:575,109,0,5
BRDA:595,110,0,0
BRDA:622,111,0,0
BRDA:622,111,1,0
BRDA:622,112,0,0
BRDA:622,112,1,0
BRDA:622,113,0,0
BRDA:622,113,1,0
BRDA:642,114,0,0
BRDA:642,114,1,0
BRDA:642,115,0,0
BRDA:642,115,1,0
BRDA:643,116,0,0
BRDA:643,117,0,0
BRDA:643,117,1,0
BRDA:649,118,0,0
BRDA:649,119,0,0
BRDA:649,119,1,0
BRDA:651,120,0,0
BRDA:655,121,0,0
BRDA:655,121,1,0
BRDA:687,122,0,0
BRDA:687,122,1,0
BRDA:712,123,0,0
BRDA:712,123,1,0
BRDA:712,124,0,0
BRDA:712,124,1,0
BRDA:712,125,0,0
BRDA:712,125,1,0
BRDA:732,126,0,0
BRDA:732,127,0,0
BRDA:732,127,1,0
BRDA:734,128,0,0
BRDA:738,129,0,0
BRDA:738,129,1,0
BRDA:756,130,0,0
BRDA:756,130,1,0
BRDA:756,131,0,0
BRDA:756,131,1,0
BRDA:756,132,0,0
BRDA:756,132,1,0
BRDA:777,133,0,0
BRDA:777,133,1,0
BRDA:780,134,0,0
BRDA:780,134,1,0
BRDA:780,134,2,0
BRDA:789,135,0,0
BRDA:789,135,1,0
BRDA:797,136,0,0
BRDA:797,137,0,0
BRDA:797,137,1,0
BRDA:799,138,0,0
BRDA:803,139,0,0
BRDA:803,139,1,0
BRDA:815,140,0,10
BRDA:815,140,1,10
BRDA:815,141,0,10
BRDA:815,141,1,0
BRDA:815,142,0,10
BRDA:815,142,1,10
BRDA:823,143,0,10
BRDA:841,144,0,30
BRDA:841,144,1,0
BRDA:841,144,2,0
BRDA:841,144,3,0
BRDA:850,145,0,0
BRDA:850,145,1,0
BRDA:850,146,0,0
BRDA:850,146,1,0
BRDA:850,147,0,0
BRDA:850,147,1,0
BRDA:850,148,0,0
BRDA:850,148,1,0
BRDA:853,149,0,0
BRDA:853,150,0,0
BRDA:853,150,1,0
BRDA:859,151,0,0
BRDA:860,152,0,0
BRDA:860,152,1,0
BRDA:860,152,2,0
BRDA:865,153,0,0
BRDA:869,154,0,0
BRDA:869,154,1,0
BRDA:873,155,0,0
BRDA:881,156,0,0
BRDA:898,157,0,0
BRDA:898,157,1,0
BRDA:898,158,0,0
BRDA:898,158,1,0
BRDA:898,159,0,0
BRDA:898,159,1,0
BRDA:918,160,0,0
BRDA:918,160,1,0
BRDA:918,161,0,0
BRDA:918,161,1,0
BRDA:919,162,0,0
BRDA:919,163,0,0
BRDA:919,163,1,0
BRDA:925,164,0,0
BRDA:925,165,0,0
BRDA:925,165,1,0
BRDA:927,166,0,0
BRDA:931,167,0,0
BRDA:931,167,1,0
BRDA:949,168,0,10
BRDA:949,168,1,0
BRDA:951,169,0,10
BRDA:951,169,1,0
BRDA:951,169,2,0
BRDA:951,169,3,0
BRDA:951,169,4,0
BRDA:953,170,0,10
BRDA:953,170,1,0
BRDA:967,171,0,10
BRDA:967,171,1,10
BRDA:968,172,0,10
BRDA:968,172,1,10
BRF:313
BRH:90
end_of_record
