TN:
SF:src/JsonFormBuilder.ts
FN:13,(anonymous_3)
FN:14,(anonymous_4)
FN:28,(anonymous_5)
FN:67,(anonymous_6)
FN:80,(anonymous_7)
FN:108,(anonymous_8)
FN:117,(anonymous_9)
FN:125,(anonymous_10)
FN:133,(anonymous_11)
FN:143,(anonymous_12)
FN:174,(anonymous_13)
FN:236,(anonymous_14)
FN:263,(anonymous_15)
FN:310,(anonymous_16)
FN:317,(anonymous_17)
FN:326,(anonymous_18)
FN:340,(anonymous_19)
FN:346,(anonymous_20)
FN:362,(anonymous_21)
FN:372,(anonymous_22)
FN:379,(anonymous_23)
FN:388,(anonymous_24)
FN:421,(anonymous_25)
FN:429,(anonymous_26)
FN:430,(anonymous_27)
FN:434,(anonymous_28)
FN:440,(anonymous_29)
FN:448,(anonymous_30)
FN:453,(anonymous_31)
FN:468,(anonymous_32)
FN:486,(anonymous_33)
FN:490,(anonymous_34)
FN:507,(anonymous_35)
FN:533,(anonymous_36)
FN:545,(anonymous_37)
FN:558,(anonymous_38)
FN:576,(anonymous_39)
FN:590,(anonymous_40)
FN:602,(anonymous_41)
FN:625,(anonymous_42)
FN:634,(anonymous_43)
FN:641,(anonymous_44)
FN:661,(anonymous_45)
FN:677,(anonymous_46)
FN:693,(anonymous_47)
FN:698,(anonymous_48)
FN:700,(anonymous_49)
FN:727,(anonymous_50)
FN:744,(anonymous_51)
FN:762,(anonymous_52)
FN:766,(anonymous_53)
FN:783,(anonymous_54)
FN:795,(anonymous_55)
FN:813,(anonymous_56)
FN:814,(anonymous_57)
FN:821,(anonymous_58)
FNF:56
FNH:30
FNDA:1,(anonymous_3)
FNDA:2,(anonymous_4)
FNDA:6,(anonymous_5)
FNDA:0,(anonymous_6)
FNDA:12,(anonymous_7)
FNDA:0,(anonymous_8)
FNDA:5,(anonymous_9)
FNDA:15,(anonymous_10)
FNDA:0,(anonymous_11)
FNDA:5,(anonymous_12)
FNDA:5,(anonymous_13)
FNDA:5,(anonymous_14)
FNDA:5,(anonymous_15)
FNDA:6,(anonymous_16)
FNDA:1,(anonymous_17)
FNDA:5,(anonymous_18)
FNDA:10,(anonymous_19)
FNDA:10,(anonymous_20)
FNDA:1,(anonymous_21)
FNDA:1,(anonymous_22)
FNDA:7,(anonymous_23)
FNDA:0,(anonymous_24)
FNDA:5,(anonymous_25)
FNDA:0,(anonymous_26)
FNDA:1,(anonymous_27)
FNDA:30,(anonymous_28)
FNDA:12,(anonymous_29)
FNDA:0,(anonymous_30)
FNDA:0,(anonymous_31)
FNDA:0,(anonymous_32)
FNDA:0,(anonymous_33)
FNDA:0,(anonymous_34)
FNDA:0,(anonymous_35)
FNDA:0,(anonymous_36)
FNDA:0,(anonymous_37)
FNDA:0,(anonymous_38)
FNDA:0,(anonymous_39)
FNDA:0,(anonymous_40)
FNDA:0,(anonymous_41)
FNDA:0,(anonymous_42)
FNDA:0,(anonymous_43)
FNDA:0,(anonymous_44)
FNDA:10,(anonymous_45)
FNDA:30,(anonymous_46)
FNDA:7,(anonymous_47)
FNDA:7,(anonymous_48)
FNDA:5,(anonymous_49)
FNDA:0,(anonymous_50)
FNDA:0,(anonymous_51)
FNDA:0,(anonymous_52)
FNDA:0,(anonymous_53)
FNDA:0,(anonymous_54)
FNDA:10,(anonymous_55)
FNDA:5,(anonymous_56)
FNDA:10,(anonymous_57)
FNDA:0,(anonymous_58)
DA:13,1
DA:14,1
DA:16,2
DA:18,2
DA:20,2
DA:21,2
DA:22,2
DA:23,2
DA:27,2
DA:28,2
DA:29,6
DA:30,6
DA:31,6
DA:32,6
DA:37,0
DA:38,0
DA:39,0
DA:43,0
DA:44,0
DA:45,0
DA:46,0
DA:51,2
DA:52,0
DA:53,0
DA:54,0
DA:55,0
DA:58,0
DA:59,0
DA:60,0
DA:61,0
DA:62,0
DA:63,0
DA:64,0
DA:67,0
DA:68,0
DA:69,0
DA:70,0
DA:71,0
DA:72,0
DA:80,1
DA:81,12
DA:84,12
DA:85,12
DA:88,0
DA:89,0
DA:93,0
DA:94,0
DA:95,0
DA:100,12
DA:101,12
DA:104,12
DA:108,1
DA:109,0
DA:110,0
DA:111,0
DA:112,0
DA:113,0
DA:117,1
DA:118,5
DA:119,5
DA:121,5
DA:122,5
DA:124,5
DA:125,5
DA:126,15
DA:127,15
DA:128,15
DA:129,15
DA:130,15
DA:133,5
DA:134,0
DA:135,0
DA:138,5
DA:139,5
DA:140,5
DA:143,1
DA:148,5
DA:149,5
DA:150,0
DA:153,5
DA:174,5
DA:175,5
DA:176,5
DA:232,5
DA:236,5
DA:237,5
DA:238,5
DA:259,5
DA:263,5
DA:264,5
DA:265,5
DA:306,5
DA:310,5
DA:311,6
DA:312,6
DA:313,6
DA:317,5
DA:318,1
DA:319,1
DA:320,1
DA:324,5
DA:326,5
DA:327,5
DA:328,5
DA:331,5
DA:332,5
DA:333,5
DA:337,5
DA:340,10
DA:341,10
DA:342,10
DA:343,10
DA:344,10
DA:346,10
DA:347,10
DA:348,10
DA:351,10
DA:355,5
DA:356,5
DA:357,5
DA:358,5
DA:359,5
DA:362,5
DA:363,1
DA:364,1
DA:368,5
DA:369,5
DA:372,5
DA:373,1
DA:374,1
DA:376,1
DA:379,1
DA:380,7
DA:381,7
DA:382,4
DA:386,1
DA:388,0
DA:389,0
DA:390,0
DA:391,0
DA:393,0
DA:395,0
DA:396,0
DA:398,0
DA:399,0
DA:401,0
DA:403,0
DA:404,0
DA:409,0
DA:410,0
DA:411,0
DA:413,0
DA:416,1
DA:420,5
DA:422,5
DA:423,5
DA:424,5
DA:425,5
DA:427,5
DA:429,0
DA:430,1
DA:434,1
DA:435,30
DA:436,30
DA:437,30
DA:440,1
DA:441,12
DA:443,12
DA:444,5
DA:445,5
DA:446,5
DA:448,5
DA:449,0
DA:450,0
DA:453,5
DA:454,0
DA:457,5
DA:459,5
DA:460,5
DA:461,5
DA:463,5
DA:464,5
DA:468,1
DA:469,0
DA:470,0
DA:472,0
DA:473,0
DA:474,0
DA:475,0
DA:477,0
DA:478,0
DA:479,0
DA:480,0
DA:481,0
DA:482,0
DA:484,0
DA:486,0
DA:487,0
DA:488,0
DA:490,0
DA:491,0
DA:492,0
DA:493,0
DA:497,0
DA:498,0
DA:499,0
DA:500,0
DA:503,0
DA:504,0
DA:507,0
DA:508,0
DA:509,0
DA:510,0
DA:513,0
DA:514,0
DA:517,0
DA:518,0
DA:520,0
DA:521,0
DA:522,0
DA:524,0
DA:525,0
DA:526,0
DA:527,0
DA:528,0
DA:529,0
DA:531,0
DA:533,0
DA:534,0
DA:535,0
DA:536,0
DA:537,0
DA:538,0
DA:540,0
DA:541,0
DA:545,0
DA:546,0
DA:547,0
DA:548,0
DA:551,0
DA:552,0
DA:553,0
DA:555,0
DA:558,1
DA:559,0
DA:560,0
DA:562,0
DA:563,0
DA:564,0
DA:565,0
DA:567,0
DA:568,0
DA:569,0
DA:570,0
DA:571,0
DA:572,0
DA:574,0
DA:576,0
DA:577,0
DA:578,0
DA:580,0
DA:581,0
DA:582,0
DA:583,0
DA:586,0
DA:587,0
DA:590,0
DA:591,0
DA:592,0
DA:593,0
DA:596,0
DA:597,0
DA:599,0
DA:602,1
DA:603,0
DA:604,0
DA:606,0
DA:607,0
DA:608,0
DA:609,0
DA:611,0
DA:612,0
DA:613,0
DA:614,0
DA:615,0
DA:617,0
DA:618,0
DA:619,0
DA:620,0
DA:621,0
DA:622,0
DA:623,0
DA:625,0
DA:626,0
DA:627,0
DA:628,0
DA:629,0
DA:632,0
DA:634,0
DA:635,0
DA:636,0
DA:637,0
DA:638,0
DA:641,0
DA:642,0
DA:643,0
DA:645,0
DA:646,0
DA:647,0
DA:648,0
DA:651,0
DA:652,0
DA:655,0
DA:656,0
DA:658,0
DA:661,1
DA:662,10
DA:663,10
DA:666,10
DA:667,10
DA:668,10
DA:671,10
DA:672,10
DA:675,10
DA:677,10
DA:678,30
DA:679,30
DA:681,30
DA:682,30
DA:683,30
DA:684,30
DA:685,30
DA:686,30
DA:687,30
DA:689,30
DA:691,30
DA:693,30
DA:694,7
DA:695,7
DA:698,7
DA:700,7
DA:701,5
DA:702,5
DA:703,5
DA:707,7
DA:712,2
DA:713,2
DA:714,0
DA:717,7
DA:718,7
DA:721,7
DA:722,0
DA:724,7
DA:727,30
DA:728,0
DA:729,0
DA:730,0
DA:732,0
DA:733,0
DA:736,30
DA:737,30
DA:738,30
DA:741,10
DA:744,1
DA:745,0
DA:746,0
DA:748,0
DA:749,0
DA:750,0
DA:751,0
DA:753,0
DA:754,0
DA:755,0
DA:756,0
DA:757,0
DA:758,0
DA:760,0
DA:762,0
DA:763,0
DA:764,0
DA:766,0
DA:767,0
DA:768,0
DA:769,0
DA:773,0
DA:774,0
DA:775,0
DA:776,0
DA:779,0
DA:780,0
DA:783,0
DA:784,0
DA:785,0
DA:786,0
DA:789,0
DA:790,0
DA:792,0
DA:795,1
DA:797,10
DA:799,10
DA:801,10
DA:803,0
DA:805,0
DA:807,0
DA:809,0
DA:813,1
DA:814,5
DA:815,10
DA:816,10
DA:817,10
DA:818,10
DA:821,1
DA:823,1
LF:413
LH:182
BRDA:18,0,0,2
BRDA:18,0,1,0
BRDA:20,1,0,0
BRDA:20,1,1,2
BRDA:20,2,0,2
BRDA:20,2,1,2
BRDA:21,3,0,0
BRDA:21,3,1,2
BRDA:21,4,0,2
BRDA:21,4,1,2
BRDA:22,5,0,2
BRDA:30,6,0,6
BRDA:31,7,0,6
BRDA:31,7,1,0
BRDA:31,7,2,0
BRDA:31,7,3,0
BRDA:38,8,0,0
BRDA:44,9,0,0
BRDA:45,10,0,0
BRDA:45,10,1,0
BRDA:45,10,2,0
BRDA:51,11,0,0
BRDA:53,12,0,0
BRDA:67,13,0,0
BRDA:67,13,1,0
BRDA:70,14,0,0
BRDA:70,14,1,0
BRDA:70,14,2,0
BRDA:84,15,0,12
BRDA:84,15,1,0
BRDA:88,16,0,0
BRDA:88,16,1,0
BRDA:94,17,0,0
BRDA:100,18,0,12
BRDA:111,19,0,0
BRDA:111,19,1,0
BRDA:112,20,0,0
BRDA:112,20,1,0
BRDA:148,21,0,5
BRDA:148,21,1,0
BRDA:149,22,0,0
BRDA:155,23,0,5
BRDA:155,23,1,5
BRDA:156,24,0,5
BRDA:156,24,1,0
BRDA:157,25,0,5
BRDA:157,25,1,0
BRDA:163,26,0,5
BRDA:163,26,1,0
BRDA:163,27,0,0
BRDA:163,27,1,5
BRDA:163,28,0,5
BRDA:163,28,1,5
BRDA:164,29,0,5
BRDA:164,29,1,0
BRDA:164,30,0,0
BRDA:164,30,1,5
BRDA:164,31,0,5
BRDA:164,31,1,5
BRDA:165,32,0,5
BRDA:165,32,1,0
BRDA:165,33,0,0
BRDA:165,33,1,5
BRDA:165,34,0,5
BRDA:165,34,1,5
BRDA:166,35,0,5
BRDA:166,35,1,0
BRDA:166,36,0,0
BRDA:166,36,1,5
BRDA:166,37,0,5
BRDA:166,37,1,5
BRDA:167,38,0,5
BRDA:167,38,1,0
BRDA:167,39,0,0
BRDA:167,39,1,5
BRDA:167,40,0,5
BRDA:167,40,1,5
BRDA:168,41,0,0
BRDA:168,41,1,0
BRDA:168,42,0,0
BRDA:168,42,1,0
BRDA:169,43,0,5
BRDA:169,43,1,0
BRDA:169,44,0,0
BRDA:169,44,1,5
BRDA:169,45,0,5
BRDA:169,45,1,5
BRDA:312,46,0,0
BRDA:312,46,1,6
BRDA:313,47,0,0
BRDA:313,47,1,6
BRDA:331,48,0,5
BRDA:374,49,0,0
BRDA:381,50,0,4
BRDA:386,51,0,0
BRDA:386,51,1,1
BRDA:393,52,0,0
BRDA:393,52,1,0
BRDA:393,53,0,0
BRDA:393,53,1,0
BRDA:395,54,0,0
BRDA:398,55,0,0
BRDA:401,56,0,0
BRDA:403,57,0,0
BRDA:410,58,0,0
BRDA:410,58,1,0
BRDA:424,59,0,5
BRDA:443,60,0,5
BRDA:470,61,0,0
BRDA:470,61,1,0
BRDA:470,62,0,0
BRDA:470,62,1,0
BRDA:470,63,0,0
BRDA:470,63,1,0
BRDA:490,64,0,0
BRDA:490,64,1,0
BRDA:490,65,0,0
BRDA:490,65,1,0
BRDA:491,66,0,0
BRDA:491,67,0,0
BRDA:491,67,1,0
BRDA:497,68,0,0
BRDA:497,69,0,0
BRDA:497,69,1,0
BRDA:499,70,0,0
BRDA:503,71,0,0
BRDA:503,71,1,0
BRDA:535,72,0,0
BRDA:535,72,1,0
BRDA:560,73,0,0
BRDA:560,73,1,0
BRDA:560,74,0,0
BRDA:560,74,1,0
BRDA:560,75,0,0
BRDA:560,75,1,0
BRDA:580,76,0,0
BRDA:580,77,0,0
BRDA:580,77,1,0
BRDA:582,78,0,0
BRDA:586,79,0,0
BRDA:586,79,1,0
BRDA:604,80,0,0
BRDA:604,80,1,0
BRDA:604,81,0,0
BRDA:604,81,1,0
BRDA:604,82,0,0
BRDA:604,82,1,0
BRDA:625,83,0,0
BRDA:625,83,1,0
BRDA:628,84,0,0
BRDA:628,84,1,0
BRDA:628,84,2,0
BRDA:637,85,0,0
BRDA:637,85,1,0
BRDA:645,86,0,0
BRDA:645,87,0,0
BRDA:645,87,1,0
BRDA:647,88,0,0
BRDA:651,89,0,0
BRDA:651,89,1,0
BRDA:663,90,0,10
BRDA:663,90,1,10
BRDA:663,91,0,10
BRDA:663,91,1,0
BRDA:663,92,0,10
BRDA:663,92,1,10
BRDA:671,93,0,10
BRDA:689,94,0,30
BRDA:689,94,1,0
BRDA:689,94,2,0
BRDA:689,94,3,0
BRDA:698,95,0,7
BRDA:698,95,1,0
BRDA:698,96,0,0
BRDA:698,96,1,7
BRDA:698,97,0,7
BRDA:698,97,1,7
BRDA:698,98,0,7
BRDA:698,98,1,4
BRDA:701,99,0,5
BRDA:701,100,0,5
BRDA:701,100,1,5
BRDA:707,101,0,2
BRDA:708,102,0,7
BRDA:708,102,1,7
BRDA:708,102,2,3
BRDA:713,103,0,0
BRDA:717,104,0,2
BRDA:717,104,1,5
BRDA:721,105,0,0
BRDA:729,106,0,0
BRDA:746,107,0,0
BRDA:746,107,1,0
BRDA:746,108,0,0
BRDA:746,108,1,0
BRDA:746,109,0,0
BRDA:746,109,1,0
BRDA:766,110,0,0
BRDA:766,110,1,0
BRDA:766,111,0,0
BRDA:766,111,1,0
BRDA:767,112,0,0
BRDA:767,113,0,0
BRDA:767,113,1,0
BRDA:773,114,0,0
BRDA:773,115,0,0
BRDA:773,115,1,0
BRDA:775,116,0,0
BRDA:779,117,0,0
BRDA:779,117,1,0
BRDA:797,118,0,10
BRDA:797,118,1,0
BRDA:799,119,0,10
BRDA:799,119,1,0
BRDA:799,119,2,0
BRDA:799,119,3,0
BRDA:799,119,4,0
BRDA:801,120,0,10
BRDA:801,120,1,0
BRDA:815,121,0,10
BRDA:815,121,1,10
BRDA:816,122,0,10
BRDA:816,122,1,10
BRF:223
BRH:77
end_of_record
